<?xml version="1.0" encoding="UTF-8" ?>
<testsuites>
  <testsuite errors="0" failures="0" hostname="Kevin-Garys-MacBook-Pro.local" id="0" name="AccountServer2Test" package="banking.primitive.core" tests="1" time="0.295" timestamp="2014-02-19T20:29:04">
      <properties>
[...]
</properties>

      <testcase classname="banking.primitive.core.AccountServer2Test" name="testGetActiveAccounts" time="0.003" />

      <system-out><![CDATA[]]></system-out>

      <system-err><![CDATA[]]></system-err>

  </testsuite>
  <testsuite errors="0" failures="0" hostname="Kevin-Garys-MacBook-Pro.local" id="1" name="AccountServerTest" package="banking.primitive.core" tests="5" time="0.085" timestamp="2014-02-19T20:29:05">
      <properties>
[...]
</properties>

      <testcase classname="banking.primitive.core.AccountServerTest" name="testNewAccountBalance" time="0.003" />

      <testcase classname="banking.primitive.core.AccountServerTest" name="testNewAccountDuplicate" time="0.0" />

      <testcase classname="banking.primitive.core.AccountServerTest" name="testNewAccount" time="0.0" />

      <testcase classname="banking.primitive.core.AccountServerTest" name="testGetAccount" time="0.0" />

      <testcase classname="banking.primitive.core.AccountServerTest" name="testNewAccountType" time="0.0" />

      <system-out><![CDATA[]]></system-out>

      <system-err><![CDATA[]]></system-err>

  </testsuite>
</testsuites>
